INFO (theano.gof.compilelock): Waiting for existing lock by process '11143' (I am process '11176')
INFO (theano.gof.compilelock): To manually release the lock, delete /clusterFS/home/student/deekay/.theano/compiledir_Linux-4.9--amd64-x86_64-with-debian-9.8--3.7.4-64/lock_dir
INFO (theano.gof.compilelock): Waiting for existing lock by process '10053' (I am process '11176')
INFO (theano.gof.compilelock): To manually release the lock, delete /clusterFS/home/student/deekay/.theano/compiledir_Linux-4.9--amd64-x86_64-with-debian-9.8--3.7.4-64/lock_dir
INFO (theano.gof.compilelock): Waiting for existing lock by unknown process (I am process '11176')
INFO (theano.gof.compilelock): To manually release the lock, delete /clusterFS/home/student/deekay/.theano/compiledir_Linux-4.9--amd64-x86_64-with-debian-9.8--3.7.4-64/lock_dir
INFO (theano.gof.compilelock): Waiting for existing lock by process '10053' (I am process '11176')
INFO (theano.gof.compilelock): To manually release the lock, delete /clusterFS/home/student/deekay/.theano/compiledir_Linux-4.9--amd64-x86_64-with-debian-9.8--3.7.4-64/lock_dir
Using cuDNN version 7102 on context None
Mapped name None to device cuda: Tesla K40c (0000:06:00.0)
INFO (theano.gof.compilelock): Waiting for existing lock by process '11177' (I am process '11176')
INFO (theano.gof.compilelock): To manually release the lock, delete /clusterFS/home/student/deekay/.theano/compiledir_Linux-4.9--amd64-x86_64-with-debian-9.8--3.7.4-64/lock_dir
INFO (theano.gof.compilelock): Waiting for existing lock by unknown process (I am process '11176')
INFO (theano.gof.compilelock): To manually release the lock, delete /clusterFS/home/student/deekay/.theano/compiledir_Linux-4.9--amd64-x86_64-with-debian-9.8--3.7.4-64/lock_dir
INFO (theano.gof.compilelock): Waiting for existing lock by process '11177' (I am process '11176')
INFO (theano.gof.compilelock): To manually release the lock, delete /clusterFS/home/student/deekay/.theano/compiledir_Linux-4.9--amd64-x86_64-with-debian-9.8--3.7.4-64/lock_dir
INFO (theano.gof.compilelock): Waiting for existing lock by process '10053' (I am process '11176')
INFO (theano.gof.compilelock): To manually release the lock, delete /clusterFS/home/student/deekay/.theano/compiledir_Linux-4.9--amd64-x86_64-with-debian-9.8--3.7.4-64/lock_dir
INFO (theano.gof.compilelock): Waiting for existing lock by process '10053' (I am process '11176')
INFO (theano.gof.compilelock): To manually release the lock, delete /clusterFS/home/student/deekay/.theano/compiledir_Linux-4.9--amd64-x86_64-with-debian-9.8--3.7.4-64/lock_dir
INFO (theano.gof.compilelock): Waiting for existing lock by process '11143' (I am process '11176')
INFO (theano.gof.compilelock): To manually release the lock, delete /clusterFS/home/student/deekay/.theano/compiledir_Linux-4.9--amd64-x86_64-with-debian-9.8--3.7.4-64/lock_dir
